\BOOKMARK [0][-]{chapter.1}{\376\377\0001\000\040\000N\000a\000m\000e\000s\000p\000a\000c\000e\000\040\000I\000n\000d\000e\000x}{}% 1
\BOOKMARK [1][-]{section.1.1}{\376\377\0001\000.\0001\000\040\000P\000a\000c\000k\000a\000g\000e\000s}{chapter.1}% 2
\BOOKMARK [0][-]{chapter.2}{\376\377\0002\000\040\000H\000i\000e\000r\000a\000r\000c\000h\000i\000c\000a\000l\000\040\000I\000n\000d\000e\000x}{}% 3
\BOOKMARK [1][-]{section.2.1}{\376\377\0002\000.\0001\000\040\000C\000l\000a\000s\000s\000\040\000H\000i\000e\000r\000a\000r\000c\000h\000y}{chapter.2}% 4
\BOOKMARK [0][-]{chapter.3}{\376\377\0003\000\040\000C\000l\000a\000s\000s\000\040\000I\000n\000d\000e\000x}{}% 5
\BOOKMARK [1][-]{section.3.1}{\376\377\0003\000.\0001\000\040\000C\000l\000a\000s\000s\000\040\000L\000i\000s\000t}{chapter.3}% 6
\BOOKMARK [0][-]{chapter.4}{\376\377\0004\000\040\000F\000i\000l\000e\000\040\000I\000n\000d\000e\000x}{}% 7
\BOOKMARK [1][-]{section.4.1}{\376\377\0004\000.\0001\000\040\000F\000i\000l\000e\000\040\000L\000i\000s\000t}{chapter.4}% 8
\BOOKMARK [0][-]{chapter.5}{\376\377\0005\000\040\000N\000a\000m\000e\000s\000p\000a\000c\000e\000\040\000D\000o\000c\000u\000m\000e\000n\000t\000a\000t\000i\000o\000n}{}% 9
\BOOKMARK [1][-]{section.5.1}{\376\377\0005\000.\0001\000\040\000P\000a\000c\000k\000a\000g\000e\000\040\000e\000s}{chapter.5}% 10
\BOOKMARK [1][-]{section.5.2}{\376\377\0005\000.\0002\000\040\000P\000a\000c\000k\000a\000g\000e\000\040\000e\000s\000.\000d\000e\000u\000s\000t\000o}{chapter.5}% 11
\BOOKMARK [1][-]{section.5.3}{\376\377\0005\000.\0003\000\040\000P\000a\000c\000k\000a\000g\000e\000\040\000e\000s\000.\000d\000e\000u\000s\000t\000o\000.\000c\000l\000i\000e\000n\000t}{chapter.5}% 12
\BOOKMARK [1][-]{section.5.4}{\376\377\0005\000.\0004\000\040\000P\000a\000c\000k\000a\000g\000e\000\040\000e\000s\000.\000d\000e\000u\000s\000t\000o\000.\000s\000e\000r\000v\000e\000r}{chapter.5}% 13
\BOOKMARK [1][-]{section.5.5}{\376\377\0005\000.\0005\000\040\000P\000a\000c\000k\000a\000g\000e\000\040\000e\000s\000.\000d\000e\000u\000s\000t\000o\000.\000s\000e\000r\000v\000e\000r\000.\000d\000b}{chapter.5}% 14
\BOOKMARK [1][-]{section.5.6}{\376\377\0005\000.\0006\000\040\000P\000a\000c\000k\000a\000g\000e\000\040\000e\000s\000.\000d\000e\000u\000s\000t\000o\000.\000s\000e\000r\000v\000e\000r\000.\000d\000b\000.\000d\000a\000o}{chapter.5}% 15
\BOOKMARK [1][-]{section.5.7}{\376\377\0005\000.\0007\000\040\000P\000a\000c\000k\000a\000g\000e\000\040\000e\000s\000.\000d\000e\000u\000s\000t\000o\000.\000s\000e\000r\000v\000e\000r\000.\000d\000b\000.\000d\000a\000t\000a}{chapter.5}% 16
\BOOKMARK [1][-]{section.5.8}{\376\377\0005\000.\0008\000\040\000P\000a\000c\000k\000a\000g\000e\000\040\000e\000s\000.\000d\000e\000u\000s\000t\000o\000.\000s\000e\000r\000v\000e\000r\000.\000r\000e\000m\000o\000t\000e}{chapter.5}% 17
\BOOKMARK [0][-]{chapter.6}{\376\377\0006\000\040\000C\000l\000a\000s\000s\000\040\000D\000o\000c\000u\000m\000e\000n\000t\000a\000t\000i\000o\000n}{}% 18
\BOOKMARK [1][-]{section.6.1}{\376\377\0006\000.\0001\000\040\000e\000s\000.\000d\000e\000u\000s\000t\000o\000.\000c\000l\000i\000e\000n\000t\000.\000C\000l\000i\000e\000n\000t\000\040\000C\000l\000a\000s\000s\000\040\000R\000e\000f\000e\000r\000e\000n\000c\000e}{chapter.6}% 19
\BOOKMARK [2][-]{subsection.6.1.1}{\376\377\0006\000.\0001\000.\0001\000\040\000D\000e\000t\000a\000i\000l\000e\000d\000\040\000D\000e\000s\000c\000r\000i\000p\000t\000i\000o\000n}{section.6.1}% 20
\BOOKMARK [2][-]{subsection.6.1.2}{\376\377\0006\000.\0001\000.\0002\000\040\000M\000e\000m\000b\000e\000r\000\040\000F\000u\000n\000c\000t\000i\000o\000n\000\040\000D\000o\000c\000u\000m\000e\000n\000t\000a\000t\000i\000o\000n}{section.6.1}% 21
\BOOKMARK [3][-]{subsubsection.6.1.2.1}{\376\377\0006\000.\0001\000.\0002\000.\0001\000\040\000m\000a\000i\000n\000\050\000\051}{subsection.6.1.2}% 22
\BOOKMARK [1][-]{section.6.2}{\376\377\0006\000.\0002\000\040\000e\000s\000.\000d\000e\000u\000s\000t\000o\000.\000s\000e\000r\000v\000e\000r\000.\000d\000b\000.\000d\000a\000t\000a\000.\000C\000o\000m\000p\000a\000n\000y\000\040\000C\000l\000a\000s\000s\000\040\000R\000e\000f\000e\000r\000e\000n\000c\000e}{chapter.6}% 23
\BOOKMARK [2][-]{subsection.6.2.1}{\376\377\0006\000.\0002\000.\0001\000\040\000D\000e\000t\000a\000i\000l\000e\000d\000\040\000D\000e\000s\000c\000r\000i\000p\000t\000i\000o\000n}{section.6.2}% 24
\BOOKMARK [2][-]{subsection.6.2.2}{\376\377\0006\000.\0002\000.\0002\000\040\000C\000o\000n\000s\000t\000r\000u\000c\000t\000o\000r\000\040\000\046\000\040\000D\000e\000s\000t\000r\000u\000c\000t\000o\000r\000\040\000D\000o\000c\000u\000m\000e\000n\000t\000a\000t\000i\000o\000n}{section.6.2}% 25
\BOOKMARK [3][-]{subsubsection.6.2.2.1}{\376\377\0006\000.\0002\000.\0002\000.\0001\000\040\000C\000o\000m\000p\000a\000n\000y\000\050\000\051}{subsection.6.2.2}% 26
\BOOKMARK [2][-]{subsection.6.2.3}{\376\377\0006\000.\0002\000.\0003\000\040\000M\000e\000m\000b\000e\000r\000\040\000F\000u\000n\000c\000t\000i\000o\000n\000\040\000D\000o\000c\000u\000m\000e\000n\000t\000a\000t\000i\000o\000n}{section.6.2}% 27
\BOOKMARK [3][-]{subsubsection.6.2.3.1}{\376\377\0006\000.\0002\000.\0003\000.\0001\000\040\000a\000d\000d\000G\000a\000m\000e\000\050\000\051}{subsection.6.2.3}% 28
\BOOKMARK [3][-]{subsubsection.6.2.3.2}{\376\377\0006\000.\0002\000.\0003\000.\0002\000\040\000g\000e\000t\000N\000a\000m\000e\000\050\000\051}{subsection.6.2.3}% 29
\BOOKMARK [3][-]{subsubsection.6.2.3.3}{\376\377\0006\000.\0002\000.\0003\000.\0003\000\040\000t\000o\000S\000t\000r\000i\000n\000g\000\050\000\051}{subsection.6.2.3}% 30
\BOOKMARK [2][-]{subsection.6.2.4}{\376\377\0006\000.\0002\000.\0004\000\040\000M\000e\000m\000b\000e\000r\000\040\000D\000a\000t\000a\000\040\000D\000o\000c\000u\000m\000e\000n\000t\000a\000t\000i\000o\000n}{section.6.2}% 31
\BOOKMARK [3][-]{subsubsection.6.2.4.1}{\376\377\0006\000.\0002\000.\0004\000.\0001\000\040\000n\000a\000m\000e}{subsection.6.2.4}% 32
\BOOKMARK [1][-]{section.6.3}{\376\377\0006\000.\0003\000\040\000e\000s\000.\000d\000e\000u\000s\000t\000o\000.\000s\000e\000r\000v\000e\000r\000.\000C\000o\000n\000t\000i\000P\000e\000r\000f\000T\000e\000s\000t\000\040\000C\000l\000a\000s\000s\000\040\000R\000e\000f\000e\000r\000e\000n\000c\000e}{chapter.6}% 33
\BOOKMARK [2][-]{subsection.6.3.1}{\376\377\0006\000.\0003\000.\0001\000\040\000D\000e\000t\000a\000i\000l\000e\000d\000\040\000D\000e\000s\000c\000r\000i\000p\000t\000i\000o\000n}{section.6.3}% 34
\BOOKMARK [2][-]{subsection.6.3.2}{\376\377\0006\000.\0003\000.\0002\000\040\000M\000e\000m\000b\000e\000r\000\040\000F\000u\000n\000c\000t\000i\000o\000n\000\040\000D\000o\000c\000u\000m\000e\000n\000t\000a\000t\000i\000o\000n}{section.6.3}% 35
\BOOKMARK [3][-]{subsubsection.6.3.2.1}{\376\377\0006\000.\0003\000.\0002\000.\0001\000\040\000l\000o\000a\000d\000G\000a\000m\000e\000\050\000\051}{subsection.6.3.2}% 36
\BOOKMARK [3][-]{subsubsection.6.3.2.2}{\376\377\0006\000.\0003\000.\0002\000.\0002\000\040\000l\000o\000a\000d\000G\000a\000m\000e\0002\000\050\000\051}{subsection.6.3.2}% 37
\BOOKMARK [3][-]{subsubsection.6.3.2.3}{\376\377\0006\000.\0003\000.\0002\000.\0003\000\040\000s\000t\000o\000r\000e\000G\000a\000m\000e\000D\000u\000r\000a\000t\000i\000o\000n\000\050\000\051}{subsection.6.3.2}% 38
\BOOKMARK [3][-]{subsubsection.6.3.2.4}{\376\377\0006\000.\0003\000.\0002\000.\0004\000\040\000s\000t\000o\000r\000e\000G\000a\000m\000e\000I\000n\000v\000o\000c\000a\000t\000i\000o\000n\000F\000a\000i\000l\000\050\000\051}{subsection.6.3.2}% 39
\BOOKMARK [3][-]{subsubsection.6.3.2.5}{\376\377\0006\000.\0003\000.\0002\000.\0005\000\040\000s\000u\000i\000t\000e\000\050\000\051}{subsection.6.3.2}% 40
\BOOKMARK [2][-]{subsection.6.3.3}{\376\377\0006\000.\0003\000.\0003\000\040\000M\000e\000m\000b\000e\000r\000\040\000D\000a\000t\000a\000\040\000D\000o\000c\000u\000m\000e\000n\000t\000a\000t\000i\000o\000n}{section.6.3}% 41
\BOOKMARK [3][-]{subsubsection.6.3.3.1}{\376\377\0006\000.\0003\000.\0003\000.\0001\000\040\000r\000u\000l\000e}{subsection.6.3.3}% 42
\BOOKMARK [1][-]{section.6.4}{\376\377\0006\000.\0004\000\040\000e\000s\000.\000d\000e\000u\000s\000t\000o\000.\000s\000e\000r\000v\000e\000r\000.\000d\000b\000.\000d\000a\000o\000.\000D\000A\000O\000\040\000C\000l\000a\000s\000s\000\040\000R\000e\000f\000e\000r\000e\000n\000c\000e}{chapter.6}% 43
\BOOKMARK [2][-]{subsection.6.4.1}{\376\377\0006\000.\0004\000.\0001\000\040\000D\000e\000t\000a\000i\000l\000e\000d\000\040\000D\000e\000s\000c\000r\000i\000p\000t\000i\000o\000n}{section.6.4}% 44
\BOOKMARK [2][-]{subsection.6.4.2}{\376\377\0006\000.\0004\000.\0002\000\040\000C\000o\000n\000s\000t\000r\000u\000c\000t\000o\000r\000\040\000\046\000\040\000D\000e\000s\000t\000r\000u\000c\000t\000o\000r\000\040\000D\000o\000c\000u\000m\000e\000n\000t\000a\000t\000i\000o\000n}{section.6.4}% 45
\BOOKMARK [3][-]{subsubsection.6.4.2.1}{\376\377\0006\000.\0004\000.\0002\000.\0001\000\040\000D\000A\000O\000\050\000\051}{subsection.6.4.2}% 46
\BOOKMARK [2][-]{subsection.6.4.3}{\376\377\0006\000.\0004\000.\0003\000\040\000M\000e\000m\000b\000e\000r\000\040\000F\000u\000n\000c\000t\000i\000o\000n\000\040\000D\000o\000c\000u\000m\000e\000n\000t\000a\000t\000i\000o\000n}{section.6.4}% 47
\BOOKMARK [3][-]{subsubsection.6.4.3.1}{\376\377\0006\000.\0004\000.\0003\000.\0001\000\040\000g\000e\000t\000A\000l\000l\000C\000o\000m\000p\000a\000n\000i\000e\000s\000\050\000\051}{subsection.6.4.3}% 48
\BOOKMARK [3][-]{subsubsection.6.4.3.2}{\376\377\0006\000.\0004\000.\0003\000.\0002\000\040\000g\000e\000t\000A\000l\000l\000G\000a\000m\000e\000s\000\050\000\051}{subsection.6.4.3}% 49
\BOOKMARK [3][-]{subsubsection.6.4.3.3}{\376\377\0006\000.\0004\000.\0003\000.\0003\000\040\000g\000e\000t\000A\000l\000l\000G\000e\000n\000r\000e\000s\000\050\000\051}{subsection.6.4.3}% 50
\BOOKMARK [3][-]{subsubsection.6.4.3.4}{\376\377\0006\000.\0004\000.\0003\000.\0004\000\040\000g\000e\000t\000A\000l\000l\000U\000s\000e\000r\000s\000\050\000\051}{subsection.6.4.3}% 51
\BOOKMARK [3][-]{subsubsection.6.4.3.5}{\376\377\0006\000.\0004\000.\0003\000.\0005\000\040\000g\000e\000t\000F\000i\000r\000s\000t\000L\000i\000c\000e\000n\000s\000e\000\050\000\051}{subsection.6.4.3}% 52
\BOOKMARK [3][-]{subsubsection.6.4.3.6}{\376\377\0006\000.\0004\000.\0003\000.\0006\000\040\000r\000e\000t\000r\000i\000e\000v\000e\000C\000o\000m\000p\000a\000n\000y\000\050\000\051}{subsection.6.4.3}% 53
\BOOKMARK [3][-]{subsubsection.6.4.3.7}{\376\377\0006\000.\0004\000.\0003\000.\0007\000\040\000r\000e\000t\000r\000i\000e\000v\000e\000G\000a\000m\000e\000\050\000\051}{subsection.6.4.3}% 54
\BOOKMARK [3][-]{subsubsection.6.4.3.8}{\376\377\0006\000.\0004\000.\0003\000.\0008\000\040\000r\000e\000t\000r\000i\000e\000v\000e\000G\000e\000n\000r\000e\000\050\000\051}{subsection.6.4.3}% 55
\BOOKMARK [3][-]{subsubsection.6.4.3.9}{\376\377\0006\000.\0004\000.\0003\000.\0009\000\040\000r\000e\000t\000r\000i\000e\000v\000e\000L\000i\000c\000e\000n\000s\000e\000\050\000\051}{subsection.6.4.3}% 56
\BOOKMARK [3][-]{subsubsection.6.4.3.10}{\376\377\0006\000.\0004\000.\0003\000.\0001\0000\000\040\000r\000e\000t\000r\000i\000e\000v\000e\000U\000s\000e\000r\000\050\000\051}{subsection.6.4.3}% 57
\BOOKMARK [3][-]{subsubsection.6.4.3.11}{\376\377\0006\000.\0004\000.\0003\000.\0001\0001\000\040\000s\000t\000o\000r\000e\000G\000a\000m\000e\000\050\000\051}{subsection.6.4.3}% 58
\BOOKMARK [3][-]{subsubsection.6.4.3.12}{\376\377\0006\000.\0004\000.\0003\000.\0001\0002\000\040\000s\000t\000o\000r\000e\000U\000s\000e\000r\000\050\000\051}{subsection.6.4.3}% 59
\BOOKMARK [3][-]{subsubsection.6.4.3.13}{\376\377\0006\000.\0004\000.\0003\000.\0001\0003\000\040\000u\000p\000d\000a\000t\000e\000C\000o\000m\000p\000a\000n\000y\000\050\000\051}{subsection.6.4.3}% 60
\BOOKMARK [3][-]{subsubsection.6.4.3.14}{\376\377\0006\000.\0004\000.\0003\000.\0001\0004\000\040\000u\000p\000d\000a\000t\000e\000G\000a\000m\000e\000\050\000\051}{subsection.6.4.3}% 61
\BOOKMARK [3][-]{subsubsection.6.4.3.15}{\376\377\0006\000.\0004\000.\0003\000.\0001\0005\000\040\000u\000p\000d\000a\000t\000e\000G\000e\000n\000r\000e\000\050\000\051}{subsection.6.4.3}% 62
\BOOKMARK [3][-]{subsubsection.6.4.3.16}{\376\377\0006\000.\0004\000.\0003\000.\0001\0006\000\040\000u\000p\000d\000a\000t\000e\000L\000i\000c\000e\000n\000s\000e\000\050\000\051}{subsection.6.4.3}% 63
\BOOKMARK [3][-]{subsubsection.6.4.3.17}{\376\377\0006\000.\0004\000.\0003\000.\0001\0007\000\040\000u\000p\000d\000a\000t\000e\000U\000s\000e\000r\000\050\000\051}{subsection.6.4.3}% 64
\BOOKMARK [1][-]{section.6.5}{\376\377\0006\000.\0005\000\040\000e\000s\000.\000d\000e\000u\000s\000t\000o\000.\000s\000e\000r\000v\000e\000r\000.\000D\000A\000O\000M\000o\000c\000k\000T\000e\000s\000t\000\040\000C\000l\000a\000s\000s\000\040\000R\000e\000f\000e\000r\000e\000n\000c\000e}{chapter.6}% 65
\BOOKMARK [2][-]{subsection.6.5.1}{\376\377\0006\000.\0005\000.\0001\000\040\000D\000e\000t\000a\000i\000l\000e\000d\000\040\000D\000e\000s\000c\000r\000i\000p\000t\000i\000o\000n}{section.6.5}% 66
\BOOKMARK [2][-]{subsection.6.5.2}{\376\377\0006\000.\0005\000.\0002\000\040\000M\000e\000m\000b\000e\000r\000\040\000F\000u\000n\000c\000t\000i\000o\000n\000\040\000D\000o\000c\000u\000m\000e\000n\000t\000a\000t\000i\000o\000n}{section.6.5}% 67
\BOOKMARK [3][-]{subsubsection.6.5.2.1}{\376\377\0006\000.\0005\000.\0002\000.\0001\000\040\000a\000d\000d\000G\000a\000m\000e\000T\000o\000D\000B\000T\000e\000s\000t\000\050\000\051}{subsection.6.5.2}% 68
\BOOKMARK [3][-]{subsubsection.6.5.2.2}{\376\377\0006\000.\0005\000.\0002\000.\0002\000\040\000s\000e\000t\000U\000p\000\050\000\051}{subsection.6.5.2}% 69
\BOOKMARK [3][-]{subsubsection.6.5.2.3}{\376\377\0006\000.\0005\000.\0002\000.\0003\000\040\000s\000u\000i\000t\000e\000\050\000\051}{subsection.6.5.2}% 70
\BOOKMARK [3][-]{subsubsection.6.5.2.4}{\376\377\0006\000.\0005\000.\0002\000.\0004\000\040\000t\000e\000s\000t\000G\000a\000m\000e\000V\000a\000l\000i\000d\000\050\000\051}{subsection.6.5.2}% 71
\BOOKMARK [3][-]{subsubsection.6.5.2.5}{\376\377\0006\000.\0005\000.\0002\000.\0005\000\040\000t\000e\000s\000t\000R\000e\000g\000i\000s\000t\000e\000r\000U\000s\000e\000r\000A\000l\000r\000e\000a\000d\000y\000E\000x\000i\000s\000t\000s\000\050\000\051}{subsection.6.5.2}% 72
\BOOKMARK [3][-]{subsubsection.6.5.2.6}{\376\377\0006\000.\0005\000.\0002\000.\0006\000\040\000t\000e\000s\000t\000R\000e\000g\000i\000s\000t\000e\000r\000U\000s\000e\000r\000C\000o\000r\000r\000e\000c\000t\000l\000y\000\050\000\051}{subsection.6.5.2}% 73
\BOOKMARK [1][-]{section.6.6}{\376\377\0006\000.\0006\000\040\000e\000s\000.\000d\000e\000u\000s\000t\000o\000.\000s\000e\000r\000v\000e\000r\000.\000d\000b\000.\000D\000B\000\040\000C\000l\000a\000s\000s\000\040\000R\000e\000f\000e\000r\000e\000n\000c\000e}{chapter.6}% 74
\BOOKMARK [2][-]{subsection.6.6.1}{\376\377\0006\000.\0006\000.\0001\000\040\000D\000e\000t\000a\000i\000l\000e\000d\000\040\000D\000e\000s\000c\000r\000i\000p\000t\000i\000o\000n}{section.6.6}% 75
\BOOKMARK [2][-]{subsection.6.6.2}{\376\377\0006\000.\0006\000.\0002\000\040\000C\000o\000n\000s\000t\000r\000u\000c\000t\000o\000r\000\040\000\046\000\040\000D\000e\000s\000t\000r\000u\000c\000t\000o\000r\000\040\000D\000o\000c\000u\000m\000e\000n\000t\000a\000t\000i\000o\000n}{section.6.6}% 76
\BOOKMARK [3][-]{subsubsection.6.6.2.1}{\376\377\0006\000.\0006\000.\0002\000.\0001\000\040\000D\000B\000\050\000\051\000\040\000[\0001\000/\0002\000]}{subsection.6.6.2}% 77
\BOOKMARK [3][-]{subsubsection.6.6.2.2}{\376\377\0006\000.\0006\000.\0002\000.\0002\000\040\000D\000B\000\050\000\051\000\040\000[\0002\000/\0002\000]}{subsection.6.6.2}% 78
\BOOKMARK [2][-]{subsection.6.6.3}{\376\377\0006\000.\0006\000.\0003\000\040\000M\000e\000m\000b\000e\000r\000\040\000F\000u\000n\000c\000t\000i\000o\000n\000\040\000D\000o\000c\000u\000m\000e\000n\000t\000a\000t\000i\000o\000n}{section.6.6}% 79
\BOOKMARK [3][-]{subsubsection.6.6.3.1}{\376\377\0006\000.\0006\000.\0003\000.\0001\000\040\000a\000d\000d\000G\000a\000m\000e\000T\000o\000D\000b\000\050\000\051}{subsection.6.6.3}% 80
\BOOKMARK [3][-]{subsubsection.6.6.3.2}{\376\377\0006\000.\0006\000.\0003\000.\0002\000\040\000a\000d\000d\000L\000i\000c\000e\000n\000s\000e\000T\000o\000G\000a\000m\000e\000\050\000\051}{subsection.6.6.3}% 81
\BOOKMARK [3][-]{subsubsection.6.6.3.3}{\376\377\0006\000.\0006\000.\0003\000.\0003\000\040\000a\000d\000d\000L\000i\000c\000e\000n\000s\000e\000T\000o\000U\000s\000e\000r\000\050\000\051}{subsection.6.6.3}% 82
\BOOKMARK [3][-]{subsubsection.6.6.3.4}{\376\377\0006\000.\0006\000.\0003\000.\0004\000\040\000b\000u\000y\000G\000a\000m\000e\000\050\000\051}{subsection.6.6.3}% 83
\BOOKMARK [3][-]{subsubsection.6.6.3.5}{\376\377\0006\000.\0006\000.\0003\000.\0005\000\040\000g\000e\000t\000A\000l\000l\000C\000o\000m\000p\000a\000n\000i\000e\000s\000\050\000\051}{subsection.6.6.3}% 84
\BOOKMARK [3][-]{subsubsection.6.6.3.6}{\376\377\0006\000.\0006\000.\0003\000.\0006\000\040\000g\000e\000t\000A\000l\000l\000G\000a\000m\000e\000s\000\050\000\051}{subsection.6.6.3}% 85
\BOOKMARK [3][-]{subsubsection.6.6.3.7}{\376\377\0006\000.\0006\000.\0003\000.\0007\000\040\000g\000e\000t\000A\000l\000l\000G\000e\000n\000r\000e\000s\000\050\000\051}{subsection.6.6.3}% 86
\BOOKMARK [3][-]{subsubsection.6.6.3.8}{\376\377\0006\000.\0006\000.\0003\000.\0008\000\040\000g\000e\000t\000U\000s\000e\000r\000G\000a\000m\000e\000s\000\050\000\051}{subsection.6.6.3}% 87
\BOOKMARK [3][-]{subsubsection.6.6.3.9}{\376\377\0006\000.\0006\000.\0003\000.\0009\000\040\000i\000s\000S\000u\000p\000e\000r\000U\000s\000e\000r\000\050\000\051}{subsection.6.6.3}% 88
\BOOKMARK [3][-]{subsubsection.6.6.3.10}{\376\377\0006\000.\0006\000.\0003\000.\0001\0000\000\040\000l\000o\000g\000i\000n\000U\000s\000e\000r\000\050\000\051}{subsection.6.6.3}% 89
\BOOKMARK [3][-]{subsubsection.6.6.3.11}{\376\377\0006\000.\0006\000.\0003\000.\0001\0001\000\040\000r\000e\000g\000i\000s\000t\000e\000r\000U\000s\000e\000r\000\050\000\051}{subsection.6.6.3}% 90
\BOOKMARK [3][-]{subsubsection.6.6.3.12}{\376\377\0006\000.\0006\000.\0003\000.\0001\0002\000\040\000s\000h\000o\000w\000C\000o\000m\000p\000a\000n\000y\000\050\000\051}{subsection.6.6.3}% 91
\BOOKMARK [3][-]{subsubsection.6.6.3.13}{\376\377\0006\000.\0006\000.\0003\000.\0001\0003\000\040\000s\000h\000o\000w\000G\000a\000m\000e\000\050\000\051}{subsection.6.6.3}% 92
\BOOKMARK [3][-]{subsubsection.6.6.3.14}{\376\377\0006\000.\0006\000.\0003\000.\0001\0004\000\040\000s\000h\000o\000w\000G\000e\000n\000r\000e\000\050\000\051}{subsection.6.6.3}% 93
\BOOKMARK [3][-]{subsubsection.6.6.3.15}{\376\377\0006\000.\0006\000.\0003\000.\0001\0005\000\040\000s\000h\000o\000w\000U\000s\000e\000r\000\050\000\051}{subsection.6.6.3}% 94
\BOOKMARK [1][-]{section.6.7}{\376\377\0006\000.\0007\000\040\000e\000s\000.\000d\000e\000u\000s\000t\000o\000.\000s\000e\000r\000v\000e\000r\000.\000d\000b\000.\000d\000a\000t\000a\000.\000G\000a\000m\000e\000\040\000C\000l\000a\000s\000s\000\040\000R\000e\000f\000e\000r\000e\000n\000c\000e}{chapter.6}% 95
\BOOKMARK [2][-]{subsection.6.7.1}{\376\377\0006\000.\0007\000.\0001\000\040\000D\000e\000t\000a\000i\000l\000e\000d\000\040\000D\000e\000s\000c\000r\000i\000p\000t\000i\000o\000n}{section.6.7}% 96
\BOOKMARK [2][-]{subsection.6.7.2}{\376\377\0006\000.\0007\000.\0002\000\040\000C\000o\000n\000s\000t\000r\000u\000c\000t\000o\000r\000\040\000\046\000\040\000D\000e\000s\000t\000r\000u\000c\000t\000o\000r\000\040\000D\000o\000c\000u\000m\000e\000n\000t\000a\000t\000i\000o\000n}{section.6.7}% 97
\BOOKMARK [3][-]{subsubsection.6.7.2.1}{\376\377\0006\000.\0007\000.\0002\000.\0001\000\040\000G\000a\000m\000e\000\050\000\051}{subsection.6.7.2}% 98
\BOOKMARK [2][-]{subsection.6.7.3}{\376\377\0006\000.\0007\000.\0003\000\040\000M\000e\000m\000b\000e\000r\000\040\000F\000u\000n\000c\000t\000i\000o\000n\000\040\000D\000o\000c\000u\000m\000e\000n\000t\000a\000t\000i\000o\000n}{section.6.7}% 99
\BOOKMARK [3][-]{subsubsection.6.7.3.1}{\376\377\0006\000.\0007\000.\0003\000.\0001\000\040\000a\000d\000d\000L\000i\000c\000e\000n\000s\000e\000\050\000\051}{subsection.6.7.3}% 100
\BOOKMARK [3][-]{subsubsection.6.7.3.2}{\376\377\0006\000.\0007\000.\0003\000.\0002\000\040\000g\000e\000t\000C\000o\000m\000p\000a\000n\000y\000\050\000\051}{subsection.6.7.3}% 101
\BOOKMARK [3][-]{subsubsection.6.7.3.3}{\376\377\0006\000.\0007\000.\0003\000.\0003\000\040\000g\000e\000t\000D\000i\000s\000c\000o\000u\000n\000t\000\050\000\051}{subsection.6.7.3}% 102
\BOOKMARK [3][-]{subsubsection.6.7.3.4}{\376\377\0006\000.\0007\000.\0003\000.\0004\000\040\000g\000e\000t\000G\000e\000n\000r\000e\000\050\000\051}{subsection.6.7.3}% 103
\BOOKMARK [3][-]{subsubsection.6.7.3.5}{\376\377\0006\000.\0007\000.\0003\000.\0005\000\040\000g\000e\000t\000L\000i\000c\000e\000n\000s\000e\000s\000\050\000\051}{subsection.6.7.3}% 104
\BOOKMARK [3][-]{subsubsection.6.7.3.6}{\376\377\0006\000.\0007\000.\0003\000.\0006\000\040\000g\000e\000t\000N\000a\000m\000e\000\050\000\051}{subsection.6.7.3}% 105
\BOOKMARK [3][-]{subsubsection.6.7.3.7}{\376\377\0006\000.\0007\000.\0003\000.\0007\000\040\000g\000e\000t\000P\000r\000i\000c\000e\000\050\000\051}{subsection.6.7.3}% 106
\BOOKMARK [3][-]{subsubsection.6.7.3.8}{\376\377\0006\000.\0007\000.\0003\000.\0008\000\040\000r\000e\000m\000o\000v\000e\000L\000i\000c\000e\000n\000s\000e\000\050\000\051}{subsection.6.7.3}% 107
\BOOKMARK [3][-]{subsubsection.6.7.3.9}{\376\377\0006\000.\0007\000.\0003\000.\0009\000\040\000s\000e\000t\000C\000o\000m\000p\000a\000n\000y\000\050\000\051}{subsection.6.7.3}% 108
\BOOKMARK [3][-]{subsubsection.6.7.3.10}{\376\377\0006\000.\0007\000.\0003\000.\0001\0000\000\040\000s\000e\000t\000G\000e\000n\000r\000e\000\050\000\051}{subsection.6.7.3}% 109
\BOOKMARK [3][-]{subsubsection.6.7.3.11}{\376\377\0006\000.\0007\000.\0003\000.\0001\0001\000\040\000t\000o\000S\000t\000r\000i\000n\000g\000\050\000\051}{subsection.6.7.3}% 110
\BOOKMARK [1][-]{section.6.8}{\376\377\0006\000.\0008\000\040\000e\000s\000.\000d\000e\000u\000s\000t\000o\000.\000s\000e\000r\000v\000e\000r\000.\000d\000b\000.\000d\000a\000t\000a\000.\000G\000e\000n\000r\000e\000\040\000C\000l\000a\000s\000s\000\040\000R\000e\000f\000e\000r\000e\000n\000c\000e}{chapter.6}% 111
\BOOKMARK [2][-]{subsection.6.8.1}{\376\377\0006\000.\0008\000.\0001\000\040\000D\000e\000t\000a\000i\000l\000e\000d\000\040\000D\000e\000s\000c\000r\000i\000p\000t\000i\000o\000n}{section.6.8}% 112
\BOOKMARK [2][-]{subsection.6.8.2}{\376\377\0006\000.\0008\000.\0002\000\040\000C\000o\000n\000s\000t\000r\000u\000c\000t\000o\000r\000\040\000\046\000\040\000D\000e\000s\000t\000r\000u\000c\000t\000o\000r\000\040\000D\000o\000c\000u\000m\000e\000n\000t\000a\000t\000i\000o\000n}{section.6.8}% 113
\BOOKMARK [3][-]{subsubsection.6.8.2.1}{\376\377\0006\000.\0008\000.\0002\000.\0001\000\040\000G\000e\000n\000r\000e\000\050\000\051}{subsection.6.8.2}% 114
\BOOKMARK [2][-]{subsection.6.8.3}{\376\377\0006\000.\0008\000.\0003\000\040\000M\000e\000m\000b\000e\000r\000\040\000F\000u\000n\000c\000t\000i\000o\000n\000\040\000D\000o\000c\000u\000m\000e\000n\000t\000a\000t\000i\000o\000n}{section.6.8}% 115
\BOOKMARK [3][-]{subsubsection.6.8.3.1}{\376\377\0006\000.\0008\000.\0003\000.\0001\000\040\000a\000d\000d\000G\000a\000m\000e\000\050\000\051}{subsection.6.8.3}% 116
\BOOKMARK [3][-]{subsubsection.6.8.3.2}{\376\377\0006\000.\0008\000.\0003\000.\0002\000\040\000g\000e\000t\000N\000a\000m\000e\000\050\000\051}{subsection.6.8.3}% 117
\BOOKMARK [3][-]{subsubsection.6.8.3.3}{\376\377\0006\000.\0008\000.\0003\000.\0003\000\040\000t\000o\000S\000t\000r\000i\000n\000g\000\050\000\051}{subsection.6.8.3}% 118
\BOOKMARK [1][-]{section.6.9}{\376\377\0006\000.\0009\000\040\000e\000s\000.\000d\000e\000u\000s\000t\000o\000.\000s\000e\000r\000v\000e\000r\000.\000d\000b\000.\000d\000a\000o\000.\000I\000D\000A\000O\000\040\000I\000n\000t\000e\000r\000f\000a\000c\000e\000\040\000R\000e\000f\000e\000r\000e\000n\000c\000e}{chapter.6}% 119
\BOOKMARK [2][-]{subsection.6.9.1}{\376\377\0006\000.\0009\000.\0001\000\040\000D\000e\000t\000a\000i\000l\000e\000d\000\040\000D\000e\000s\000c\000r\000i\000p\000t\000i\000o\000n}{section.6.9}% 120
\BOOKMARK [2][-]{subsection.6.9.2}{\376\377\0006\000.\0009\000.\0002\000\040\000M\000e\000m\000b\000e\000r\000\040\000F\000u\000n\000c\000t\000i\000o\000n\000\040\000D\000o\000c\000u\000m\000e\000n\000t\000a\000t\000i\000o\000n}{section.6.9}% 121
\BOOKMARK [3][-]{subsubsection.6.9.2.1}{\376\377\0006\000.\0009\000.\0002\000.\0001\000\040\000g\000e\000t\000A\000l\000l\000C\000o\000m\000p\000a\000n\000i\000e\000s\000\050\000\051}{subsection.6.9.2}% 122
\BOOKMARK [3][-]{subsubsection.6.9.2.2}{\376\377\0006\000.\0009\000.\0002\000.\0002\000\040\000g\000e\000t\000A\000l\000l\000G\000a\000m\000e\000s\000\050\000\051}{subsection.6.9.2}% 123
\BOOKMARK [3][-]{subsubsection.6.9.2.3}{\376\377\0006\000.\0009\000.\0002\000.\0003\000\040\000g\000e\000t\000A\000l\000l\000G\000e\000n\000r\000e\000s\000\050\000\051}{subsection.6.9.2}% 124
\BOOKMARK [3][-]{subsubsection.6.9.2.4}{\376\377\0006\000.\0009\000.\0002\000.\0004\000\040\000g\000e\000t\000F\000i\000r\000s\000t\000L\000i\000c\000e\000n\000s\000e\000\050\000\051}{subsection.6.9.2}% 125
\BOOKMARK [3][-]{subsubsection.6.9.2.5}{\376\377\0006\000.\0009\000.\0002\000.\0005\000\040\000r\000e\000t\000r\000i\000e\000v\000e\000C\000o\000m\000p\000a\000n\000y\000\050\000\051}{subsection.6.9.2}% 126
\BOOKMARK [3][-]{subsubsection.6.9.2.6}{\376\377\0006\000.\0009\000.\0002\000.\0006\000\040\000r\000e\000t\000r\000i\000e\000v\000e\000G\000a\000m\000e\000\050\000\051}{subsection.6.9.2}% 127
\BOOKMARK [3][-]{subsubsection.6.9.2.7}{\376\377\0006\000.\0009\000.\0002\000.\0007\000\040\000r\000e\000t\000r\000i\000e\000v\000e\000G\000e\000n\000r\000e\000\050\000\051}{subsection.6.9.2}% 128
\BOOKMARK [3][-]{subsubsection.6.9.2.8}{\376\377\0006\000.\0009\000.\0002\000.\0008\000\040\000r\000e\000t\000r\000i\000e\000v\000e\000L\000i\000c\000e\000n\000s\000e\000\050\000\051}{subsection.6.9.2}% 129
\BOOKMARK [3][-]{subsubsection.6.9.2.9}{\376\377\0006\000.\0009\000.\0002\000.\0009\000\040\000r\000e\000t\000r\000i\000e\000v\000e\000U\000s\000e\000r\000\050\000\051}{subsection.6.9.2}% 130
\BOOKMARK [3][-]{subsubsection.6.9.2.10}{\376\377\0006\000.\0009\000.\0002\000.\0001\0000\000\040\000s\000t\000o\000r\000e\000G\000a\000m\000e\000\050\000\051}{subsection.6.9.2}% 131
\BOOKMARK [3][-]{subsubsection.6.9.2.11}{\376\377\0006\000.\0009\000.\0002\000.\0001\0001\000\040\000s\000t\000o\000r\000e\000U\000s\000e\000r\000\050\000\051}{subsection.6.9.2}% 132
\BOOKMARK [3][-]{subsubsection.6.9.2.12}{\376\377\0006\000.\0009\000.\0002\000.\0001\0002\000\040\000u\000p\000d\000a\000t\000e\000C\000o\000m\000p\000a\000n\000y\000\050\000\051}{subsection.6.9.2}% 133
\BOOKMARK [3][-]{subsubsection.6.9.2.13}{\376\377\0006\000.\0009\000.\0002\000.\0001\0003\000\040\000u\000p\000d\000a\000t\000e\000G\000a\000m\000e\000\050\000\051}{subsection.6.9.2}% 134
\BOOKMARK [3][-]{subsubsection.6.9.2.14}{\376\377\0006\000.\0009\000.\0002\000.\0001\0004\000\040\000u\000p\000d\000a\000t\000e\000G\000e\000n\000r\000e\000\050\000\051}{subsection.6.9.2}% 135
\BOOKMARK [3][-]{subsubsection.6.9.2.15}{\376\377\0006\000.\0009\000.\0002\000.\0001\0005\000\040\000u\000p\000d\000a\000t\000e\000L\000i\000c\000e\000n\000s\000e\000\050\000\051}{subsection.6.9.2}% 136
\BOOKMARK [3][-]{subsubsection.6.9.2.16}{\376\377\0006\000.\0009\000.\0002\000.\0001\0006\000\040\000u\000p\000d\000a\000t\000e\000U\000s\000e\000r\000\050\000\051}{subsection.6.9.2}% 137
\BOOKMARK [1][-]{section.6.10}{\376\377\0006\000.\0001\0000\000\040\000e\000s\000.\000d\000e\000u\000s\000t\000o\000.\000s\000e\000r\000v\000e\000r\000.\000d\000b\000.\000I\000D\000B\000\040\000I\000n\000t\000e\000r\000f\000a\000c\000e\000\040\000R\000e\000f\000e\000r\000e\000n\000c\000e}{chapter.6}% 138
\BOOKMARK [2][-]{subsection.6.10.1}{\376\377\0006\000.\0001\0000\000.\0001\000\040\000D\000e\000t\000a\000i\000l\000e\000d\000\040\000D\000e\000s\000c\000r\000i\000p\000t\000i\000o\000n}{section.6.10}% 139
\BOOKMARK [2][-]{subsection.6.10.2}{\376\377\0006\000.\0001\0000\000.\0002\000\040\000M\000e\000m\000b\000e\000r\000\040\000F\000u\000n\000c\000t\000i\000o\000n\000\040\000D\000o\000c\000u\000m\000e\000n\000t\000a\000t\000i\000o\000n}{section.6.10}% 140
\BOOKMARK [3][-]{subsubsection.6.10.2.1}{\376\377\0006\000.\0001\0000\000.\0002\000.\0001\000\040\000a\000d\000d\000G\000a\000m\000e\000T\000o\000D\000b\000\050\000\051}{subsection.6.10.2}% 141
\BOOKMARK [3][-]{subsubsection.6.10.2.2}{\376\377\0006\000.\0001\0000\000.\0002\000.\0002\000\040\000b\000u\000y\000G\000a\000m\000e\000\050\000\051}{subsection.6.10.2}% 142
\BOOKMARK [3][-]{subsubsection.6.10.2.3}{\376\377\0006\000.\0001\0000\000.\0002\000.\0003\000\040\000g\000e\000t\000A\000l\000l\000C\000o\000m\000p\000a\000n\000i\000e\000s\000\050\000\051}{subsection.6.10.2}% 143
\BOOKMARK [3][-]{subsubsection.6.10.2.4}{\376\377\0006\000.\0001\0000\000.\0002\000.\0004\000\040\000g\000e\000t\000A\000l\000l\000G\000a\000m\000e\000s\000\050\000\051}{subsection.6.10.2}% 144
\BOOKMARK [3][-]{subsubsection.6.10.2.5}{\376\377\0006\000.\0001\0000\000.\0002\000.\0005\000\040\000g\000e\000t\000A\000l\000l\000G\000e\000n\000r\000e\000s\000\050\000\051}{subsection.6.10.2}% 145
\BOOKMARK [3][-]{subsubsection.6.10.2.6}{\376\377\0006\000.\0001\0000\000.\0002\000.\0006\000\040\000g\000e\000t\000U\000s\000e\000r\000G\000a\000m\000e\000s\000\050\000\051}{subsection.6.10.2}% 146
\BOOKMARK [3][-]{subsubsection.6.10.2.7}{\376\377\0006\000.\0001\0000\000.\0002\000.\0007\000\040\000i\000s\000S\000u\000p\000e\000r\000U\000s\000e\000r\000\050\000\051}{subsection.6.10.2}% 147
\BOOKMARK [3][-]{subsubsection.6.10.2.8}{\376\377\0006\000.\0001\0000\000.\0002\000.\0008\000\040\000l\000o\000g\000i\000n\000U\000s\000e\000r\000\050\000\051}{subsection.6.10.2}% 148
\BOOKMARK [3][-]{subsubsection.6.10.2.9}{\376\377\0006\000.\0001\0000\000.\0002\000.\0009\000\040\000r\000e\000g\000i\000s\000t\000e\000r\000U\000s\000e\000r\000\050\000\051}{subsection.6.10.2}% 149
\BOOKMARK [3][-]{subsubsection.6.10.2.10}{\376\377\0006\000.\0001\0000\000.\0002\000.\0001\0000\000\040\000s\000h\000o\000w\000C\000o\000m\000p\000a\000n\000y\000\050\000\051}{subsection.6.10.2}% 150
\BOOKMARK [3][-]{subsubsection.6.10.2.11}{\376\377\0006\000.\0001\0000\000.\0002\000.\0001\0001\000\040\000s\000h\000o\000w\000G\000a\000m\000e\000\050\000\051}{subsection.6.10.2}% 151
\BOOKMARK [3][-]{subsubsection.6.10.2.12}{\376\377\0006\000.\0001\0000\000.\0002\000.\0001\0002\000\040\000s\000h\000o\000w\000G\000e\000n\000r\000e\000\050\000\051}{subsection.6.10.2}% 152
\BOOKMARK [3][-]{subsubsection.6.10.2.13}{\376\377\0006\000.\0001\0000\000.\0002\000.\0001\0003\000\040\000s\000h\000o\000w\000U\000s\000e\000r\000\050\000\051}{subsection.6.10.2}% 153
\BOOKMARK [1][-]{section.6.11}{\376\377\0006\000.\0001\0001\000\040\000e\000s\000.\000d\000e\000u\000s\000t\000o\000.\000s\000e\000r\000v\000e\000r\000.\000r\000e\000m\000o\000t\000e\000.\000I\000R\000e\000m\000o\000t\000e\000\040\000I\000n\000t\000e\000r\000f\000a\000c\000e\000\040\000R\000e\000f\000e\000r\000e\000n\000c\000e}{chapter.6}% 154
\BOOKMARK [2][-]{subsection.6.11.1}{\376\377\0006\000.\0001\0001\000.\0001\000\040\000D\000e\000t\000a\000i\000l\000e\000d\000\040\000D\000e\000s\000c\000r\000i\000p\000t\000i\000o\000n}{section.6.11}% 155
\BOOKMARK [2][-]{subsection.6.11.2}{\376\377\0006\000.\0001\0001\000.\0002\000\040\000M\000e\000m\000b\000e\000r\000\040\000F\000u\000n\000c\000t\000i\000o\000n\000\040\000D\000o\000c\000u\000m\000e\000n\000t\000a\000t\000i\000o\000n}{section.6.11}% 156
\BOOKMARK [3][-]{subsubsection.6.11.2.1}{\376\377\0006\000.\0001\0001\000.\0002\000.\0001\000\040\000a\000d\000d\000G\000a\000m\000e\000\050\000\051}{subsection.6.11.2}% 157
\BOOKMARK [3][-]{subsubsection.6.11.2.2}{\376\377\0006\000.\0001\0001\000.\0002\000.\0002\000\040\000b\000u\000y\000G\000a\000m\000e\000\050\000\051}{subsection.6.11.2}% 158
\BOOKMARK [3][-]{subsubsection.6.11.2.3}{\376\377\0006\000.\0001\0001\000.\0002\000.\0003\000\040\000g\000e\000t\000A\000l\000l\000C\000o\000m\000p\000a\000n\000i\000e\000s\000\050\000\051}{subsection.6.11.2}% 159
\BOOKMARK [3][-]{subsubsection.6.11.2.4}{\376\377\0006\000.\0001\0001\000.\0002\000.\0004\000\040\000g\000e\000t\000A\000l\000l\000G\000e\000n\000r\000e\000s\000\050\000\051}{subsection.6.11.2}% 160
\BOOKMARK [3][-]{subsubsection.6.11.2.5}{\376\377\0006\000.\0001\0001\000.\0002\000.\0005\000\040\000g\000e\000t\000U\000s\000e\000r\000W\000a\000l\000l\000e\000t\000\050\000\051}{subsection.6.11.2}% 161
\BOOKMARK [3][-]{subsubsection.6.11.2.6}{\376\377\0006\000.\0001\0001\000.\0002\000.\0006\000\040\000i\000s\000S\000u\000p\000e\000r\000U\000s\000e\000r\000\050\000\051}{subsection.6.11.2}% 162
\BOOKMARK [3][-]{subsubsection.6.11.2.7}{\376\377\0006\000.\0001\0001\000.\0002\000.\0007\000\040\000l\000o\000g\000i\000n\000U\000s\000e\000r\000\050\000\051}{subsection.6.11.2}% 163
\BOOKMARK [3][-]{subsubsection.6.11.2.8}{\376\377\0006\000.\0001\0001\000.\0002\000.\0008\000\040\000r\000e\000g\000i\000s\000t\000e\000r\000U\000s\000e\000r\000\050\000\051}{subsection.6.11.2}% 164
\BOOKMARK [3][-]{subsubsection.6.11.2.9}{\376\377\0006\000.\0001\0001\000.\0002\000.\0009\000\040\000s\000h\000o\000w\000G\000a\000m\000e\000s\000I\000n\000S\000t\000o\000r\000e\000\050\000\051}{subsection.6.11.2}% 165
\BOOKMARK [3][-]{subsubsection.6.11.2.10}{\376\377\0006\000.\0001\0001\000.\0002\000.\0001\0000\000\040\000s\000h\000o\000w\000O\000w\000n\000e\000d\000G\000a\000m\000e\000s\000\050\000\051}{subsection.6.11.2}% 166
\BOOKMARK [1][-]{section.6.12}{\376\377\0006\000.\0001\0002\000\040\000e\000s\000.\000d\000e\000u\000s\000t\000o\000.\000s\000e\000r\000v\000e\000r\000.\000d\000b\000.\000d\000a\000t\000a\000.\000L\000i\000c\000e\000n\000s\000e\000\040\000C\000l\000a\000s\000s\000\040\000R\000e\000f\000e\000r\000e\000n\000c\000e}{chapter.6}% 167
\BOOKMARK [2][-]{subsection.6.12.1}{\376\377\0006\000.\0001\0002\000.\0001\000\040\000D\000e\000t\000a\000i\000l\000e\000d\000\040\000D\000e\000s\000c\000r\000i\000p\000t\000i\000o\000n}{section.6.12}% 168
\BOOKMARK [2][-]{subsection.6.12.2}{\376\377\0006\000.\0001\0002\000.\0002\000\040\000C\000o\000n\000s\000t\000r\000u\000c\000t\000o\000r\000\040\000\046\000\040\000D\000e\000s\000t\000r\000u\000c\000t\000o\000r\000\040\000D\000o\000c\000u\000m\000e\000n\000t\000a\000t\000i\000o\000n}{section.6.12}% 169
\BOOKMARK [3][-]{subsubsection.6.12.2.1}{\376\377\0006\000.\0001\0002\000.\0002\000.\0001\000\040\000L\000i\000c\000e\000n\000s\000e\000\050\000\051}{subsection.6.12.2}% 170
\BOOKMARK [2][-]{subsection.6.12.3}{\376\377\0006\000.\0001\0002\000.\0003\000\040\000M\000e\000m\000b\000e\000r\000\040\000F\000u\000n\000c\000t\000i\000o\000n\000\040\000D\000o\000c\000u\000m\000e\000n\000t\000a\000t\000i\000o\000n}{section.6.12}% 171
\BOOKMARK [3][-]{subsubsection.6.12.3.1}{\376\377\0006\000.\0001\0002\000.\0003\000.\0001\000\040\000g\000e\000t\000G\000a\000m\000e\000\050\000\051}{subsection.6.12.3}% 172
\BOOKMARK [3][-]{subsubsection.6.12.3.2}{\376\377\0006\000.\0001\0002\000.\0003\000.\0002\000\040\000g\000e\000t\000G\000a\000m\000e\000K\000e\000y\000\050\000\051}{subsection.6.12.3}% 173
\BOOKMARK [3][-]{subsubsection.6.12.3.3}{\376\377\0006\000.\0001\0002\000.\0003\000.\0003\000\040\000g\000e\000t\000U\000s\000e\000r\000\050\000\051}{subsection.6.12.3}% 174
\BOOKMARK [3][-]{subsubsection.6.12.3.4}{\376\377\0006\000.\0001\0002\000.\0003\000.\0004\000\040\000i\000s\000U\000s\000e\000d\000\050\000\051}{subsection.6.12.3}% 175
\BOOKMARK [3][-]{subsubsection.6.12.3.5}{\376\377\0006\000.\0001\0002\000.\0003\000.\0005\000\040\000s\000e\000t\000G\000a\000m\000e\000\050\000\051}{subsection.6.12.3}% 176
\BOOKMARK [3][-]{subsubsection.6.12.3.6}{\376\377\0006\000.\0001\0002\000.\0003\000.\0006\000\040\000s\000e\000t\000U\000s\000e\000d\000\050\000\051}{subsection.6.12.3}% 177
\BOOKMARK [3][-]{subsubsection.6.12.3.7}{\376\377\0006\000.\0001\0002\000.\0003\000.\0007\000\040\000s\000e\000t\000U\000s\000e\000r\000\050\000\051}{subsection.6.12.3}% 178
\BOOKMARK [3][-]{subsubsection.6.12.3.8}{\376\377\0006\000.\0001\0002\000.\0003\000.\0008\000\040\000t\000o\000S\000t\000r\000i\000n\000g\000\050\000\051}{subsection.6.12.3}% 179
\BOOKMARK [1][-]{section.6.13}{\376\377\0006\000.\0001\0003\000\040\000e\000s\000.\000d\000e\000u\000s\000t\000o\000.\000s\000e\000r\000v\000e\000r\000.\000r\000e\000m\000o\000t\000e\000.\000R\000e\000m\000o\000t\000e\000\040\000C\000l\000a\000s\000s\000\040\000R\000e\000f\000e\000r\000e\000n\000c\000e}{chapter.6}% 180
\BOOKMARK [2][-]{subsection.6.13.1}{\376\377\0006\000.\0001\0003\000.\0001\000\040\000D\000e\000t\000a\000i\000l\000e\000d\000\040\000D\000e\000s\000c\000r\000i\000p\000t\000i\000o\000n}{section.6.13}% 181
\BOOKMARK [2][-]{subsection.6.13.2}{\376\377\0006\000.\0001\0003\000.\0002\000\040\000C\000o\000n\000s\000t\000r\000u\000c\000t\000o\000r\000\040\000\046\000\040\000D\000e\000s\000t\000r\000u\000c\000t\000o\000r\000\040\000D\000o\000c\000u\000m\000e\000n\000t\000a\000t\000i\000o\000n}{section.6.13}% 182
\BOOKMARK [3][-]{subsubsection.6.13.2.1}{\376\377\0006\000.\0001\0003\000.\0002\000.\0001\000\040\000R\000e\000m\000o\000t\000e\000\050\000\051}{subsection.6.13.2}% 183
\BOOKMARK [2][-]{subsection.6.13.3}{\376\377\0006\000.\0001\0003\000.\0003\000\040\000M\000e\000m\000b\000e\000r\000\040\000F\000u\000n\000c\000t\000i\000o\000n\000\040\000D\000o\000c\000u\000m\000e\000n\000t\000a\000t\000i\000o\000n}{section.6.13}% 184
\BOOKMARK [3][-]{subsubsection.6.13.3.1}{\376\377\0006\000.\0001\0003\000.\0003\000.\0001\000\040\000a\000d\000d\000G\000a\000m\000e\000\050\000\051}{subsection.6.13.3}% 185
\BOOKMARK [3][-]{subsubsection.6.13.3.2}{\376\377\0006\000.\0001\0003\000.\0003\000.\0002\000\040\000b\000u\000y\000G\000a\000m\000e\000\050\000\051}{subsection.6.13.3}% 186
\BOOKMARK [3][-]{subsubsection.6.13.3.3}{\376\377\0006\000.\0001\0003\000.\0003\000.\0003\000\040\000f\000i\000n\000a\000l\000i\000z\000e\000\050\000\051}{subsection.6.13.3}% 187
\BOOKMARK [3][-]{subsubsection.6.13.3.4}{\376\377\0006\000.\0001\0003\000.\0003\000.\0004\000\040\000g\000a\000m\000e\000T\000e\000s\000t\000\050\000\051}{subsection.6.13.3}% 188
\BOOKMARK [3][-]{subsubsection.6.13.3.5}{\376\377\0006\000.\0001\0003\000.\0003\000.\0005\000\040\000g\000e\000t\000A\000l\000l\000C\000o\000m\000p\000a\000n\000i\000e\000s\000\050\000\051}{subsection.6.13.3}% 189
\BOOKMARK [3][-]{subsubsection.6.13.3.6}{\376\377\0006\000.\0001\0003\000.\0003\000.\0006\000\040\000g\000e\000t\000A\000l\000l\000G\000e\000n\000r\000e\000s\000\050\000\051}{subsection.6.13.3}% 190
\BOOKMARK [3][-]{subsubsection.6.13.3.7}{\376\377\0006\000.\0001\0003\000.\0003\000.\0007\000\040\000g\000e\000t\000U\000s\000e\000r\000\050\000\051}{subsection.6.13.3}% 191
\BOOKMARK [3][-]{subsubsection.6.13.3.8}{\376\377\0006\000.\0001\0003\000.\0003\000.\0008\000\040\000g\000e\000t\000U\000s\000e\000r\000W\000a\000l\000l\000e\000t\000\050\000\051}{subsection.6.13.3}% 192
\BOOKMARK [3][-]{subsubsection.6.13.3.9}{\376\377\0006\000.\0001\0003\000.\0003\000.\0009\000\040\000i\000s\000S\000u\000p\000e\000r\000U\000s\000e\000r\000\050\000\051}{subsection.6.13.3}% 193
\BOOKMARK [3][-]{subsubsection.6.13.3.10}{\376\377\0006\000.\0001\0003\000.\0003\000.\0001\0000\000\040\000l\000o\000g\000i\000n\000U\000s\000e\000r\000\050\000\051}{subsection.6.13.3}% 194
\BOOKMARK [3][-]{subsubsection.6.13.3.11}{\376\377\0006\000.\0001\0003\000.\0003\000.\0001\0001\000\040\000r\000e\000g\000i\000s\000t\000e\000r\000U\000s\000e\000r\000\050\000\051}{subsection.6.13.3}% 195
\BOOKMARK [3][-]{subsubsection.6.13.3.12}{\376\377\0006\000.\0001\0003\000.\0003\000.\0001\0002\000\040\000s\000h\000o\000w\000G\000a\000m\000e\000s\000I\000n\000S\000t\000o\000r\000e\000\050\000\051}{subsection.6.13.3}% 196
\BOOKMARK [3][-]{subsubsection.6.13.3.13}{\376\377\0006\000.\0001\0003\000.\0003\000.\0001\0003\000\040\000s\000h\000o\000w\000O\000w\000n\000e\000d\000G\000a\000m\000e\000s\000\050\000\051}{subsection.6.13.3}% 197
\BOOKMARK [1][-]{section.6.14}{\376\377\0006\000.\0001\0004\000\040\000e\000s\000.\000d\000e\000u\000s\000t\000o\000.\000s\000e\000r\000v\000e\000r\000.\000S\000e\000r\000v\000e\000r\000\040\000C\000l\000a\000s\000s\000\040\000R\000e\000f\000e\000r\000e\000n\000c\000e}{chapter.6}% 198
\BOOKMARK [2][-]{subsection.6.14.1}{\376\377\0006\000.\0001\0004\000.\0001\000\040\000D\000e\000t\000a\000i\000l\000e\000d\000\040\000D\000e\000s\000c\000r\000i\000p\000t\000i\000o\000n}{section.6.14}% 199
\BOOKMARK [2][-]{subsection.6.14.2}{\376\377\0006\000.\0001\0004\000.\0002\000\040\000M\000e\000m\000b\000e\000r\000\040\000F\000u\000n\000c\000t\000i\000o\000n\000\040\000D\000o\000c\000u\000m\000e\000n\000t\000a\000t\000i\000o\000n}{section.6.14}% 200
\BOOKMARK [3][-]{subsubsection.6.14.2.1}{\376\377\0006\000.\0001\0004\000.\0002\000.\0001\000\040\000b\000a\000s\000i\000c\000D\000a\000t\000a\000\050\000\051}{subsection.6.14.2}% 201
\BOOKMARK [3][-]{subsubsection.6.14.2.2}{\376\377\0006\000.\0001\0004\000.\0002\000.\0002\000\040\000m\000a\000i\000n\000\050\000\051}{subsection.6.14.2}% 202
\BOOKMARK [1][-]{section.6.15}{\376\377\0006\000.\0001\0005\000\040\000e\000s\000.\000d\000e\000u\000s\000t\000o\000.\000s\000e\000r\000v\000e\000r\000.\000d\000b\000.\000d\000a\000t\000a\000.\000U\000s\000e\000r\000\040\000C\000l\000a\000s\000s\000\040\000R\000e\000f\000e\000r\000e\000n\000c\000e}{chapter.6}% 203
\BOOKMARK [2][-]{subsection.6.15.1}{\376\377\0006\000.\0001\0005\000.\0001\000\040\000D\000e\000t\000a\000i\000l\000e\000d\000\040\000D\000e\000s\000c\000r\000i\000p\000t\000i\000o\000n}{section.6.15}% 204
\BOOKMARK [2][-]{subsection.6.15.2}{\376\377\0006\000.\0001\0005\000.\0002\000\040\000C\000o\000n\000s\000t\000r\000u\000c\000t\000o\000r\000\040\000\046\000\040\000D\000e\000s\000t\000r\000u\000c\000t\000o\000r\000\040\000D\000o\000c\000u\000m\000e\000n\000t\000a\000t\000i\000o\000n}{section.6.15}% 205
\BOOKMARK [3][-]{subsubsection.6.15.2.1}{\376\377\0006\000.\0001\0005\000.\0002\000.\0001\000\040\000U\000s\000e\000r\000\050\000\051\000\040\000[\0001\000/\0002\000]}{subsection.6.15.2}% 206
\BOOKMARK [3][-]{subsubsection.6.15.2.2}{\376\377\0006\000.\0001\0005\000.\0002\000.\0002\000\040\000U\000s\000e\000r\000\050\000\051\000\040\000[\0002\000/\0002\000]}{subsection.6.15.2}% 207
\BOOKMARK [2][-]{subsection.6.15.3}{\376\377\0006\000.\0001\0005\000.\0003\000\040\000M\000e\000m\000b\000e\000r\000\040\000F\000u\000n\000c\000t\000i\000o\000n\000\040\000D\000o\000c\000u\000m\000e\000n\000t\000a\000t\000i\000o\000n}{section.6.15}% 208
\BOOKMARK [3][-]{subsubsection.6.15.3.1}{\376\377\0006\000.\0001\0005\000.\0003\000.\0001\000\040\000a\000d\000d\000L\000i\000c\000e\000n\000s\000e\000\050\000\051}{subsection.6.15.3}% 209
\BOOKMARK [3][-]{subsubsection.6.15.3.2}{\376\377\0006\000.\0001\0005\000.\0003\000.\0002\000\040\000c\000o\000m\000p\000a\000r\000e\000U\000s\000e\000r\000T\000o\000\050\000\051}{subsection.6.15.3}% 210
\BOOKMARK [3][-]{subsubsection.6.15.3.3}{\376\377\0006\000.\0001\0005\000.\0003\000.\0003\000\040\000g\000e\000t\000L\000i\000c\000e\000n\000s\000e\000s\000\050\000\051}{subsection.6.15.3}% 211
\BOOKMARK [3][-]{subsubsection.6.15.3.4}{\376\377\0006\000.\0001\0005\000.\0003\000.\0004\000\040\000g\000e\000t\000L\000o\000g\000i\000n\000\050\000\051}{subsection.6.15.3}% 212
\BOOKMARK [3][-]{subsubsection.6.15.3.5}{\376\377\0006\000.\0001\0005\000.\0003\000.\0005\000\040\000g\000e\000t\000M\000o\000n\000e\000y\000\050\000\051}{subsection.6.15.3}% 213
\BOOKMARK [3][-]{subsubsection.6.15.3.6}{\376\377\0006\000.\0001\0005\000.\0003\000.\0006\000\040\000g\000e\000t\000P\000a\000s\000s\000w\000o\000r\000d\000\050\000\051}{subsection.6.15.3}% 214
\BOOKMARK [3][-]{subsubsection.6.15.3.7}{\376\377\0006\000.\0001\0005\000.\0003\000.\0007\000\040\000g\000e\000t\000S\000u\000p\000e\000r\000u\000s\000e\000r\000\050\000\051}{subsection.6.15.3}% 215
\BOOKMARK [3][-]{subsubsection.6.15.3.8}{\376\377\0006\000.\0001\0005\000.\0003\000.\0008\000\040\000r\000e\000m\000o\000v\000e\000L\000i\000c\000e\000n\000s\000e\000\050\000\051}{subsection.6.15.3}% 216
\BOOKMARK [3][-]{subsubsection.6.15.3.9}{\376\377\0006\000.\0001\0005\000.\0003\000.\0009\000\040\000s\000e\000t\000M\000o\000n\000e\000y\000\050\000\051}{subsection.6.15.3}% 217
\BOOKMARK [3][-]{subsubsection.6.15.3.10}{\376\377\0006\000.\0001\0005\000.\0003\000.\0001\0000\000\040\000s\000e\000t\000S\000u\000p\000e\000r\000u\000s\000e\000r\000\050\000\051}{subsection.6.15.3}% 218
\BOOKMARK [3][-]{subsubsection.6.15.3.11}{\376\377\0006\000.\0001\0005\000.\0003\000.\0001\0001\000\040\000t\000o\000S\000t\000r\000i\000n\000g\000\050\000\051}{subsection.6.15.3}% 219
\BOOKMARK [0][-]{chapter.7}{\376\377\0007\000\040\000F\000i\000l\000e\000\040\000D\000o\000c\000u\000m\000e\000n\000t\000a\000t\000i\000o\000n}{}% 220
\BOOKMARK [1][-]{section.7.1}{\376\377\0007\000.\0001\000\040\000C\000:\000/\000U\000s\000e\000r\000s\000/\000M\000a\000r\000t\000a\000/\000S\000P\000Q\0000\0009\000/\000L\000u\000r\000r\000u\000n\000/\000s\000r\000c\000/\000m\000a\000i\000n\000/\000j\000a\000v\000a\000/\000e\000s\000/\000d\000e\000u\000s\000t\000o\000/\000c\000l\000i\000e\000n\000t\000/\000C\000l\000i\000e\000n\000t\000.\000j\000a\000v\000a\000\040\000F\000i\000l\000e\000\040\000R\000e\000f\000e\000r\000e\000n\000c\000e}{chapter.7}% 221
\BOOKMARK [1][-]{section.7.2}{\376\377\0007\000.\0002\000\040\000C\000:\000/\000U\000s\000e\000r\000s\000/\000M\000a\000r\000t\000a\000/\000S\000P\000Q\0000\0009\000/\000L\000u\000r\000r\000u\000n\000/\000s\000r\000c\000/\000m\000a\000i\000n\000/\000j\000a\000v\000a\000/\000e\000s\000/\000d\000e\000u\000s\000t\000o\000/\000s\000e\000r\000v\000e\000r\000/\000d\000b\000/\000d\000a\000o\000/\000D\000A\000O\000.\000j\000a\000v\000a\000\040\000F\000i\000l\000e\000\040\000R\000e\000f\000e\000r\000e\000n\000c\000e}{chapter.7}% 222
\BOOKMARK [1][-]{section.7.3}{\376\377\0007\000.\0003\000\040\000C\000:\000/\000U\000s\000e\000r\000s\000/\000M\000a\000r\000t\000a\000/\000S\000P\000Q\0000\0009\000/\000L\000u\000r\000r\000u\000n\000/\000s\000r\000c\000/\000m\000a\000i\000n\000/\000j\000a\000v\000a\000/\000e\000s\000/\000d\000e\000u\000s\000t\000o\000/\000s\000e\000r\000v\000e\000r\000/\000d\000b\000/\000d\000a\000o\000/\000I\000D\000A\000O\000.\000j\000a\000v\000a\000\040\000F\000i\000l\000e\000\040\000R\000e\000f\000e\000r\000e\000n\000c\000e}{chapter.7}% 223
\BOOKMARK [1][-]{section.7.4}{\376\377\0007\000.\0004\000\040\000C\000:\000/\000U\000s\000e\000r\000s\000/\000M\000a\000r\000t\000a\000/\000S\000P\000Q\0000\0009\000/\000L\000u\000r\000r\000u\000n\000/\000s\000r\000c\000/\000m\000a\000i\000n\000/\000j\000a\000v\000a\000/\000e\000s\000/\000d\000e\000u\000s\000t\000o\000/\000s\000e\000r\000v\000e\000r\000/\000d\000b\000/\000d\000a\000t\000a\000/\000C\000o\000m\000p\000a\000n\000y\000.\000j\000a\000v\000a\000\040\000F\000i\000l\000e\000\040\000R\000e\000f\000e\000r\000e\000n\000c\000e}{chapter.7}% 224
\BOOKMARK [1][-]{section.7.5}{\376\377\0007\000.\0005\000\040\000C\000:\000/\000U\000s\000e\000r\000s\000/\000M\000a\000r\000t\000a\000/\000S\000P\000Q\0000\0009\000/\000L\000u\000r\000r\000u\000n\000/\000s\000r\000c\000/\000m\000a\000i\000n\000/\000j\000a\000v\000a\000/\000e\000s\000/\000d\000e\000u\000s\000t\000o\000/\000s\000e\000r\000v\000e\000r\000/\000d\000b\000/\000d\000a\000t\000a\000/\000G\000a\000m\000e\000.\000j\000a\000v\000a\000\040\000F\000i\000l\000e\000\040\000R\000e\000f\000e\000r\000e\000n\000c\000e}{chapter.7}% 225
\BOOKMARK [1][-]{section.7.6}{\376\377\0007\000.\0006\000\040\000C\000:\000/\000U\000s\000e\000r\000s\000/\000M\000a\000r\000t\000a\000/\000S\000P\000Q\0000\0009\000/\000L\000u\000r\000r\000u\000n\000/\000s\000r\000c\000/\000m\000a\000i\000n\000/\000j\000a\000v\000a\000/\000e\000s\000/\000d\000e\000u\000s\000t\000o\000/\000s\000e\000r\000v\000e\000r\000/\000d\000b\000/\000d\000a\000t\000a\000/\000G\000e\000n\000r\000e\000.\000j\000a\000v\000a\000\040\000F\000i\000l\000e\000\040\000R\000e\000f\000e\000r\000e\000n\000c\000e}{chapter.7}% 226
\BOOKMARK [1][-]{section.7.7}{\376\377\0007\000.\0007\000\040\000C\000:\000/\000U\000s\000e\000r\000s\000/\000M\000a\000r\000t\000a\000/\000S\000P\000Q\0000\0009\000/\000L\000u\000r\000r\000u\000n\000/\000s\000r\000c\000/\000m\000a\000i\000n\000/\000j\000a\000v\000a\000/\000e\000s\000/\000d\000e\000u\000s\000t\000o\000/\000s\000e\000r\000v\000e\000r\000/\000d\000b\000/\000d\000a\000t\000a\000/\000L\000i\000c\000e\000n\000s\000e\000.\000j\000a\000v\000a\000\040\000F\000i\000l\000e\000\040\000R\000e\000f\000e\000r\000e\000n\000c\000e}{chapter.7}% 227
\BOOKMARK [1][-]{section.7.8}{\376\377\0007\000.\0008\000\040\000C\000:\000/\000U\000s\000e\000r\000s\000/\000M\000a\000r\000t\000a\000/\000S\000P\000Q\0000\0009\000/\000L\000u\000r\000r\000u\000n\000/\000s\000r\000c\000/\000m\000a\000i\000n\000/\000j\000a\000v\000a\000/\000e\000s\000/\000d\000e\000u\000s\000t\000o\000/\000s\000e\000r\000v\000e\000r\000/\000d\000b\000/\000d\000a\000t\000a\000/\000U\000s\000e\000r\000.\000j\000a\000v\000a\000\040\000F\000i\000l\000e\000\040\000R\000e\000f\000e\000r\000e\000n\000c\000e}{chapter.7}% 228
\BOOKMARK [1][-]{section.7.9}{\376\377\0007\000.\0009\000\040\000C\000:\000/\000U\000s\000e\000r\000s\000/\000M\000a\000r\000t\000a\000/\000S\000P\000Q\0000\0009\000/\000L\000u\000r\000r\000u\000n\000/\000s\000r\000c\000/\000m\000a\000i\000n\000/\000j\000a\000v\000a\000/\000e\000s\000/\000d\000e\000u\000s\000t\000o\000/\000s\000e\000r\000v\000e\000r\000/\000d\000b\000/\000D\000B\000.\000j\000a\000v\000a\000\040\000F\000i\000l\000e\000\040\000R\000e\000f\000e\000r\000e\000n\000c\000e}{chapter.7}% 229
\BOOKMARK [1][-]{section.7.10}{\376\377\0007\000.\0001\0000\000\040\000C\000:\000/\000U\000s\000e\000r\000s\000/\000M\000a\000r\000t\000a\000/\000S\000P\000Q\0000\0009\000/\000L\000u\000r\000r\000u\000n\000/\000s\000r\000c\000/\000m\000a\000i\000n\000/\000j\000a\000v\000a\000/\000e\000s\000/\000d\000e\000u\000s\000t\000o\000/\000s\000e\000r\000v\000e\000r\000/\000d\000b\000/\000I\000D\000B\000.\000j\000a\000v\000a\000\040\000F\000i\000l\000e\000\040\000R\000e\000f\000e\000r\000e\000n\000c\000e}{chapter.7}% 230
\BOOKMARK [1][-]{section.7.11}{\376\377\0007\000.\0001\0001\000\040\000C\000:\000/\000U\000s\000e\000r\000s\000/\000M\000a\000r\000t\000a\000/\000S\000P\000Q\0000\0009\000/\000L\000u\000r\000r\000u\000n\000/\000s\000r\000c\000/\000m\000a\000i\000n\000/\000j\000a\000v\000a\000/\000e\000s\000/\000d\000e\000u\000s\000t\000o\000/\000s\000e\000r\000v\000e\000r\000/\000r\000e\000m\000o\000t\000e\000/\000I\000R\000e\000m\000o\000t\000e\000.\000j\000a\000v\000a\000\040\000F\000i\000l\000e\000\040\000R\000e\000f\000e\000r\000e\000n\000c\000e}{chapter.7}% 231
\BOOKMARK [1][-]{section.7.12}{\376\377\0007\000.\0001\0002\000\040\000C\000:\000/\000U\000s\000e\000r\000s\000/\000M\000a\000r\000t\000a\000/\000S\000P\000Q\0000\0009\000/\000L\000u\000r\000r\000u\000n\000/\000s\000r\000c\000/\000m\000a\000i\000n\000/\000j\000a\000v\000a\000/\000e\000s\000/\000d\000e\000u\000s\000t\000o\000/\000s\000e\000r\000v\000e\000r\000/\000r\000e\000m\000o\000t\000e\000/\000R\000e\000m\000o\000t\000e\000.\000j\000a\000v\000a\000\040\000F\000i\000l\000e\000\040\000R\000e\000f\000e\000r\000e\000n\000c\000e}{chapter.7}% 232
\BOOKMARK [1][-]{section.7.13}{\376\377\0007\000.\0001\0003\000\040\000C\000:\000/\000U\000s\000e\000r\000s\000/\000M\000a\000r\000t\000a\000/\000S\000P\000Q\0000\0009\000/\000L\000u\000r\000r\000u\000n\000/\000s\000r\000c\000/\000m\000a\000i\000n\000/\000j\000a\000v\000a\000/\000e\000s\000/\000d\000e\000u\000s\000t\000o\000/\000s\000e\000r\000v\000e\000r\000/\000S\000e\000r\000v\000e\000r\000.\000j\000a\000v\000a\000\040\000F\000i\000l\000e\000\040\000R\000e\000f\000e\000r\000e\000n\000c\000e}{chapter.7}% 233
\BOOKMARK [1][-]{section.7.14}{\376\377\0007\000.\0001\0004\000\040\000C\000:\000/\000U\000s\000e\000r\000s\000/\000M\000a\000r\000t\000a\000/\000S\000P\000Q\0000\0009\000/\000L\000u\000r\000r\000u\000n\000/\000s\000r\000c\000/\000t\000e\000s\000t\000/\000j\000a\000v\000a\000/\000e\000s\000/\000d\000e\000u\000s\000t\000o\000/\000s\000e\000r\000v\000e\000r\000/\000C\000o\000n\000t\000i\000P\000e\000r\000f\000T\000e\000s\000t\000.\000j\000a\000v\000a\000\040\000F\000i\000l\000e\000\040\000R\000e\000f\000e\000r\000e\000n\000c\000e}{chapter.7}% 234
\BOOKMARK [1][-]{section.7.15}{\376\377\0007\000.\0001\0005\000\040\000C\000:\000/\000U\000s\000e\000r\000s\000/\000M\000a\000r\000t\000a\000/\000S\000P\000Q\0000\0009\000/\000L\000u\000r\000r\000u\000n\000/\000s\000r\000c\000/\000t\000e\000s\000t\000/\000j\000a\000v\000a\000/\000e\000s\000/\000d\000e\000u\000s\000t\000o\000/\000s\000e\000r\000v\000e\000r\000/\000D\000A\000O\000M\000o\000c\000k\000T\000e\000s\000t\000.\000j\000a\000v\000a\000\040\000F\000i\000l\000e\000\040\000R\000e\000f\000e\000r\000e\000n\000c\000e}{chapter.7}% 235
\BOOKMARK [1][-]{section.7.16}{\376\377\0007\000.\0001\0006\000\040\000C\000:\000/\000U\000s\000e\000r\000s\000/\000M\000a\000r\000t\000a\000/\000S\000P\000Q\0000\0009\000/\000L\000u\000r\000r\000u\000n\000/\000s\000r\000c\000/\000t\000e\000s\000t\000/\000j\000a\000v\000a\000/\000e\000s\000/\000d\000e\000u\000s\000t\000o\000/\000s\000e\000r\000v\000e\000r\000/\000R\000M\000I\000T\000e\000s\000t\000.\000j\000a\000v\000a\000\040\000F\000i\000l\000e\000\040\000R\000e\000f\000e\000r\000e\000n\000c\000e}{chapter.7}% 236
\BOOKMARK [0][-]{section*.73}{\376\377\000I\000n\000d\000e\000x}{}% 237
